c:\users\安藤 歩夢\onedrive - ooharastudent\デスクトップ\untitle_game_temp1\untitle_.4ef75b98\x64\debug\vc143.pdb
c:\users\安藤 歩夢\onedrive - ooharastudent\デスクトップ\untitle_game_temp1\untitle_.4ef75b98\x64\debug\vc143.idb
c:\users\安藤 歩夢\onedrive - ooharastudent\デスクトップ\untitle_game_temp1\untitle_.4ef75b98\x64\debug\sceneclear.obj
c:\users\安藤 歩夢\onedrive - ooharastudent\デスクトップ\untitle_game_temp1\untitle_.4ef75b98\x64\debug\scenemanager.obj
c:\users\安藤 歩夢\onedrive - ooharastudent\デスクトップ\untitle_game_temp1\untitle_.4ef75b98\x64\debug\scenegameover.obj
c:\users\安藤 歩夢\onedrive - ooharastudent\デスクトップ\untitle_game_temp1\untitle_.4ef75b98\x64\debug\scenemain.obj
c:\users\安藤 歩夢\onedrive - ooharastudent\デスクトップ\untitle_game_temp1\untitle_.4ef75b98\x64\debug\scenetitle.obj
c:\users\安藤 歩夢\onedrive - ooharastudent\デスクトップ\untitle_game_temp1\untitle_.4ef75b98\x64\debug\player.obj
c:\users\安藤 歩夢\onedrive - ooharastudent\デスクトップ\untitle_game_temp1\untitle_.4ef75b98\x64\debug\pad.obj
c:\users\安藤 歩夢\onedrive - ooharastudent\デスクトップ\untitle_game_temp1\untitle_.4ef75b98\x64\debug\map.obj
c:\users\安藤 歩夢\onedrive - ooharastudent\デスクトップ\untitle_game_temp1\untitle_.4ef75b98\x64\debug\main.obj
c:\users\安藤 歩夢\onedrive - ooharastudent\デスクトップ\untitle_game_temp1\untitle_.4ef75b98\x64\debug\enemy.obj
c:\users\安藤 歩夢\onedrive - ooharastudent\デスクトップ\untitle_game_temp1\untitle_.4ef75b98\x64\debug\bg.obj
c:\users\安藤 歩夢\onedrive - ooharastudent\デスクトップ\untitle_game_temp1\x64\debug\untitle_game_temp1.exe
c:\users\安藤 歩夢\onedrive - ooharastudent\デスクトップ\untitle_game_temp1\x64\debug\untitle_game_temp1.pdb
c:\users\安藤 歩夢\onedrive - ooharastudent\デスクトップ\untitle_game_temp1\untitle_.4ef75b98\x64\debug\untitle_game_temp1.ilk
c:\users\安藤 歩夢\onedrive - ooharastudent\デスクトップ\untitle_game_temp1\untitle_.4ef75b98\x64\debug\untitle_.4ef75b98.tlog\cl.command.1.tlog
c:\users\安藤 歩夢\onedrive - ooharastudent\デスクトップ\untitle_game_temp1\untitle_.4ef75b98\x64\debug\untitle_.4ef75b98.tlog\cl.items.tlog
c:\users\安藤 歩夢\onedrive - ooharastudent\デスクトップ\untitle_game_temp1\untitle_.4ef75b98\x64\debug\untitle_.4ef75b98.tlog\cl.read.1.tlog
c:\users\安藤 歩夢\onedrive - ooharastudent\デスクトップ\untitle_game_temp1\untitle_.4ef75b98\x64\debug\untitle_.4ef75b98.tlog\cl.write.1.tlog
c:\users\安藤 歩夢\onedrive - ooharastudent\デスクトップ\untitle_game_temp1\untitle_.4ef75b98\x64\debug\untitle_.4ef75b98.tlog\link.command.1.tlog
c:\users\安藤 歩夢\onedrive - ooharastudent\デスクトップ\untitle_game_temp1\untitle_.4ef75b98\x64\debug\untitle_.4ef75b98.tlog\link.read.1.tlog
c:\users\安藤 歩夢\onedrive - ooharastudent\デスクトップ\untitle_game_temp1\untitle_.4ef75b98\x64\debug\untitle_.4ef75b98.tlog\link.secondary.1.tlog
c:\users\安藤 歩夢\onedrive - ooharastudent\デスクトップ\untitle_game_temp1\untitle_.4ef75b98\x64\debug\untitle_.4ef75b98.tlog\link.write.1.tlog
